<?xml version="1.0" encoding="UTF-8"?>
<robot generator="Robot 6.1.1 (Python 3.11.4 on win32)" generated="20230819 23:47:58.338" rpa="false" schemaversion="4">
<suite id="s1" name="Crm" source="C:\Users\u_arg\PycharmProjects\pythonProject1\tests\crm.robot">
<test id="s1-t1" name="Should be able to add new customer" line="12">
<kw name="Set Selenium Speed" library="SeleniumLibrary">
<arg>.2s</arg>
<doc>Sets the delay that is waited after each Selenium command.</doc>
<status status="PASS" starttime="20230819 23:47:58.489" endtime="20230819 23:47:58.490"/>
</kw>
<kw name="Set Selenium Timeout" library="SeleniumLibrary">
<arg>5s</arg>
<doc>Sets the timeout that is used by various keywords.</doc>
<status status="PASS" starttime="20230819 23:47:58.490" endtime="20230819 23:47:58.490"/>
</kw>
<kw name="Log" library="BuiltIn">
<arg>Starting the test case</arg>
<doc>Logs the given message with the given level.</doc>
<msg timestamp="20230819 23:47:58.490" level="INFO">Starting the test case</msg>
<status status="PASS" starttime="20230819 23:47:58.490" endtime="20230819 23:47:58.490"/>
</kw>
<kw name="Open Browser" library="SeleniumLibrary">
<arg>https://automationplayground.com/crm/</arg>
<arg>edge</arg>
<doc>Opens a new browser instance to the optional ``url``.</doc>
<msg timestamp="20230819 23:47:58.491" level="INFO">Opening browser 'edge' to base url 'https://automationplayground.com/crm/'.</msg>
<status status="PASS" starttime="20230819 23:47:58.490" endtime="20230819 23:48:01.282"/>
</kw>
<kw name="Click Link" library="SeleniumLibrary">
<arg>Sign In</arg>
<doc>Clicks a link identified by ``locator``.</doc>
<msg timestamp="20230819 23:48:01.283" level="INFO">Clicking link 'Sign In'.</msg>
<status status="PASS" starttime="20230819 23:48:01.283" endtime="20230819 23:48:02.130"/>
</kw>
<kw name="Sleep" library="BuiltIn">
<arg>3s</arg>
<doc>Pauses the test executed for the given time.</doc>
<msg timestamp="20230819 23:48:05.131" level="INFO">Slept 3 seconds</msg>
<status status="PASS" starttime="20230819 23:48:02.130" endtime="20230819 23:48:05.131"/>
</kw>
<kw name="Close Browser" library="SeleniumLibrary">
<doc>Closes the current browser.</doc>
<status status="PASS" starttime="20230819 23:48:05.131" endtime="20230819 23:48:07.401"/>
</kw>
<doc>This is some basic info about the test</doc>
<tag>1006</tag>
<tag>Contacts</tag>
<tag>Smoke</tag>
<status status="PASS" starttime="20230819 23:47:58.489" endtime="20230819 23:48:07.402"/>
</test>
<doc>This is some basic info about the whole suite</doc>
<status status="PASS" starttime="20230819 23:47:58.338" endtime="20230819 23:48:07.403"/>
</suite>
<statistics>
<total>
<stat pass="1" fail="0" skip="0">All Tests</stat>
</total>
<tag>
<stat pass="1" fail="0" skip="0">1006</stat>
<stat pass="1" fail="0" skip="0">Contacts</stat>
<stat pass="1" fail="0" skip="0">Smoke</stat>
</tag>
<suite>
<stat pass="1" fail="0" skip="0" id="s1" name="Crm">Crm</stat>
</suite>
</statistics>
<errors>
</errors>
</robot>
